<?xml version="1.0" encoding="UTF-8"?>
<!-- Generated by org.testng.reporters.JUnitXMLReporter -->
<testsuite hostname="DESKTOP-1OA425B" ignored="2" name="My Sample App Test -chrome" tests="2" failures="0" timestamp="23 Apr 2020 20:10:18 GMT" time="9.168" errors="0">
  <testcase name="createContactTest" time="0.006" classname="TestNGSessions.ContactsTest"/>
  <testcase name="header" time="0.002" classname="TestNGSessions.HomeTest"/>
  <testcase name="@AfterTest tearDown" time="0.0" classname="TestNGSessions.BaseTest">
    <ignored/>
  </testcase> <!-- @AfterTest tearDown -->
  <testcase name="@BeforeTest setUp" time="0.0" classname="TestNGSessions.BaseTest">
    <ignored/>
  </testcase> <!-- @BeforeTest setUp -->
</testsuite> <!-- My Sample App Test -chrome -->
