<?xml version="1.0" encoding="UTF-8"?>
<!-- Generated by org.testng.reporters.JUnitXMLReporter -->
<testsuite hostname="DESKTOP-1OA425B" ignored="1" name="My Sample Test" tests="2" failures="0" timestamp="23 Apr 2020 19:17:21 GMT" time="0.062" errors="0">
  <testcase name="createContactTest" time="0.016" classname="TestNGSessions.ContactsTest"/>
  <testcase name="header" time="0.0" classname="TestNGSessions.HomeTest"/>
  <testcase name="@AfterTest tearDown" time="0.0" classname="TestNGSessions.BaseTest">
    <ignored/>
  </testcase> <!-- @AfterTest tearDown -->
</testsuite> <!-- My Sample Test -->
